c:\users\info\documents\github\ssatx\ssatxcontroller\visualgdb\debug\ssatxcontroller.link.rsp
c:\users\info\documents\github\ssatx\ssatxcontroller\visualgdb\debug\ssatxcontroller.bin
c:\users\info\documents\github\ssatx\ssatxcontroller\ssatxcontroller\visualgdb\debug\atxc.o
c:\users\info\documents\github\ssatx\ssatxcontroller\ssatxcontroller\visualgdb\debug\atxchardware.o
c:\users\info\documents\github\ssatx\ssatxcontroller\ssatxcontroller\visualgdb\debug\atxchardwarebase.o
c:\users\info\documents\github\ssatx\ssatxcontroller\ssatxcontroller\visualgdb\debug\ssatxcontroller.o
c:\users\info\documents\github\ssatx\ssatxcontroller\ssatxcontroller\visualgdb\debug\atxc.dep
c:\users\info\documents\github\ssatx\ssatxcontroller\ssatxcontroller\visualgdb\debug\atxchardware.dep
c:\users\info\documents\github\ssatx\ssatxcontroller\ssatxcontroller\visualgdb\debug\atxchardwarebase.dep
c:\users\info\documents\github\ssatx\ssatxcontroller\ssatxcontroller\visualgdb\debug\ssatxcontroller.dep
c:\users\info\documents\github\ssatx\ssatxcontroller\ssatxcontroller\visualgdb\debug\atxc.gcc.rsp
c:\users\info\documents\github\ssatx\ssatxcontroller\ssatxcontroller\visualgdb\debug\atxchardware.gcc.rsp
c:\users\info\documents\github\ssatx\ssatxcontroller\ssatxcontroller\visualgdb\debug\atxchardwarebase.gcc.rsp
c:\users\info\documents\github\ssatx\ssatxcontroller\ssatxcontroller\visualgdb\debug\ssatxcontroller.gcc.rsp
c:\users\info\documents\github\ssatx\ssatxcontroller\ssatxcontroller\visualgdb\debug\ssatxcontroller.alldeps
c:\users\info\documents\github\ssatx\ssatxcontroller\ssatxcontroller\visualgdb\debug\__bsp_root__\samd21a\gcc\gcc\startup_samd21.o
c:\users\info\documents\github\ssatx\ssatxcontroller\ssatxcontroller\visualgdb\debug\__bsp_root__\samd21a\gcc\gcc\startup_samd21.dep
c:\users\info\documents\github\ssatx\ssatxcontroller\ssatxcontroller\visualgdb\debug\__bsp_root__\samd21a\gcc\gcc\startup_samd21.gcc.rsp
c:\users\info\documents\github\ssatx\ssatxcontroller\ssatxcontroller\visualgdb\debug\__bsp_root__\hal\src\hal_adc_sync.o
c:\users\info\documents\github\ssatx\ssatxcontroller\ssatxcontroller\visualgdb\debug\__bsp_root__\hal\src\hal_atomic.o
c:\users\info\documents\github\ssatx\ssatxcontroller\ssatxcontroller\visualgdb\debug\__bsp_root__\hal\src\hal_delay.o
c:\users\info\documents\github\ssatx\ssatxcontroller\ssatxcontroller\visualgdb\debug\__bsp_root__\hal\src\hal_flash.o
c:\users\info\documents\github\ssatx\ssatxcontroller\ssatxcontroller\visualgdb\debug\__bsp_root__\hal\src\hal_gpio.o
c:\users\info\documents\github\ssatx\ssatxcontroller\ssatxcontroller\visualgdb\debug\__bsp_root__\hal\src\hal_i2c_m_sync.o
c:\users\info\documents\github\ssatx\ssatxcontroller\ssatxcontroller\visualgdb\debug\__bsp_root__\hal\src\hal_init.o
c:\users\info\documents\github\ssatx\ssatxcontroller\ssatxcontroller\visualgdb\debug\__bsp_root__\hal\src\hal_io.o
c:\users\info\documents\github\ssatx\ssatxcontroller\ssatxcontroller\visualgdb\debug\__bsp_root__\hal\src\hal_sleep.o
c:\users\info\documents\github\ssatx\ssatxcontroller\ssatxcontroller\visualgdb\debug\__bsp_root__\hal\src\hal_spi_m_sync.o
c:\users\info\documents\github\ssatx\ssatxcontroller\ssatxcontroller\visualgdb\debug\__bsp_root__\hal\src\hal_timer.o
c:\users\info\documents\github\ssatx\ssatxcontroller\ssatxcontroller\visualgdb\debug\__bsp_root__\hal\src\hal_usb_device.o
c:\users\info\documents\github\ssatx\ssatxcontroller\ssatxcontroller\visualgdb\debug\__bsp_root__\hal\src\hal_adc_sync.dep
c:\users\info\documents\github\ssatx\ssatxcontroller\ssatxcontroller\visualgdb\debug\__bsp_root__\hal\src\hal_atomic.dep
c:\users\info\documents\github\ssatx\ssatxcontroller\ssatxcontroller\visualgdb\debug\__bsp_root__\hal\src\hal_delay.dep
c:\users\info\documents\github\ssatx\ssatxcontroller\ssatxcontroller\visualgdb\debug\__bsp_root__\hal\src\hal_flash.dep
c:\users\info\documents\github\ssatx\ssatxcontroller\ssatxcontroller\visualgdb\debug\__bsp_root__\hal\src\hal_gpio.dep
c:\users\info\documents\github\ssatx\ssatxcontroller\ssatxcontroller\visualgdb\debug\__bsp_root__\hal\src\hal_i2c_m_sync.dep
c:\users\info\documents\github\ssatx\ssatxcontroller\ssatxcontroller\visualgdb\debug\__bsp_root__\hal\src\hal_init.dep
c:\users\info\documents\github\ssatx\ssatxcontroller\ssatxcontroller\visualgdb\debug\__bsp_root__\hal\src\hal_io.dep
c:\users\info\documents\github\ssatx\ssatxcontroller\ssatxcontroller\visualgdb\debug\__bsp_root__\hal\src\hal_sleep.dep
c:\users\info\documents\github\ssatx\ssatxcontroller\ssatxcontroller\visualgdb\debug\__bsp_root__\hal\src\hal_spi_m_sync.dep
c:\users\info\documents\github\ssatx\ssatxcontroller\ssatxcontroller\visualgdb\debug\__bsp_root__\hal\src\hal_timer.dep
c:\users\info\documents\github\ssatx\ssatxcontroller\ssatxcontroller\visualgdb\debug\__bsp_root__\hal\src\hal_usb_device.dep
c:\users\info\documents\github\ssatx\ssatxcontroller\ssatxcontroller\visualgdb\debug\__bsp_root__\hal\src\hal_adc_sync.gcc.rsp
c:\users\info\documents\github\ssatx\ssatxcontroller\ssatxcontroller\visualgdb\debug\__bsp_root__\hal\src\hal_atomic.gcc.rsp
c:\users\info\documents\github\ssatx\ssatxcontroller\ssatxcontroller\visualgdb\debug\__bsp_root__\hal\src\hal_delay.gcc.rsp
c:\users\info\documents\github\ssatx\ssatxcontroller\ssatxcontroller\visualgdb\debug\__bsp_root__\hal\src\hal_flash.gcc.rsp
c:\users\info\documents\github\ssatx\ssatxcontroller\ssatxcontroller\visualgdb\debug\__bsp_root__\hal\src\hal_gpio.gcc.rsp
c:\users\info\documents\github\ssatx\ssatxcontroller\ssatxcontroller\visualgdb\debug\__bsp_root__\hal\src\hal_i2c_m_sync.gcc.rsp
c:\users\info\documents\github\ssatx\ssatxcontroller\ssatxcontroller\visualgdb\debug\__bsp_root__\hal\src\hal_init.gcc.rsp
c:\users\info\documents\github\ssatx\ssatxcontroller\ssatxcontroller\visualgdb\debug\__bsp_root__\hal\src\hal_io.gcc.rsp
c:\users\info\documents\github\ssatx\ssatxcontroller\ssatxcontroller\visualgdb\debug\__bsp_root__\hal\src\hal_sleep.gcc.rsp
c:\users\info\documents\github\ssatx\ssatxcontroller\ssatxcontroller\visualgdb\debug\__bsp_root__\hal\src\hal_spi_m_sync.gcc.rsp
c:\users\info\documents\github\ssatx\ssatxcontroller\ssatxcontroller\visualgdb\debug\__bsp_root__\hal\src\hal_timer.gcc.rsp
c:\users\info\documents\github\ssatx\ssatxcontroller\ssatxcontroller\visualgdb\debug\__bsp_root__\hal\src\hal_usb_device.gcc.rsp
c:\users\info\documents\github\ssatx\ssatxcontroller\ssatxcontroller\visualgdb\debug\__bsp_root__\hal\utils\src\utils_assert.o
c:\users\info\documents\github\ssatx\ssatxcontroller\ssatxcontroller\visualgdb\debug\__bsp_root__\hal\utils\src\utils_event.o
c:\users\info\documents\github\ssatx\ssatxcontroller\ssatxcontroller\visualgdb\debug\__bsp_root__\hal\utils\src\utils_list.o
c:\users\info\documents\github\ssatx\ssatxcontroller\ssatxcontroller\visualgdb\debug\__bsp_root__\hal\utils\src\utils_syscalls.o
c:\users\info\documents\github\ssatx\ssatxcontroller\ssatxcontroller\visualgdb\debug\__bsp_root__\hal\utils\src\utils_assert.dep
c:\users\info\documents\github\ssatx\ssatxcontroller\ssatxcontroller\visualgdb\debug\__bsp_root__\hal\utils\src\utils_event.dep
c:\users\info\documents\github\ssatx\ssatxcontroller\ssatxcontroller\visualgdb\debug\__bsp_root__\hal\utils\src\utils_list.dep
c:\users\info\documents\github\ssatx\ssatxcontroller\ssatxcontroller\visualgdb\debug\__bsp_root__\hal\utils\src\utils_syscalls.dep
c:\users\info\documents\github\ssatx\ssatxcontroller\ssatxcontroller\visualgdb\debug\__bsp_root__\hal\utils\src\utils_assert.gcc.rsp
c:\users\info\documents\github\ssatx\ssatxcontroller\ssatxcontroller\visualgdb\debug\__bsp_root__\hal\utils\src\utils_event.gcc.rsp
c:\users\info\documents\github\ssatx\ssatxcontroller\ssatxcontroller\visualgdb\debug\__bsp_root__\hal\utils\src\utils_list.gcc.rsp
c:\users\info\documents\github\ssatx\ssatxcontroller\ssatxcontroller\visualgdb\debug\__bsp_root__\hal\utils\src\utils_syscalls.gcc.rsp
c:\users\info\documents\github\ssatx\ssatxcontroller\ssatxcontroller\visualgdb\debug\__bsp_root__\atmel_start.o
c:\users\info\documents\github\ssatx\ssatxcontroller\ssatxcontroller\visualgdb\debug\__bsp_root__\driver_init.o
c:\users\info\documents\github\ssatx\ssatxcontroller\ssatxcontroller\visualgdb\debug\__bsp_root__\atmel_start.dep
c:\users\info\documents\github\ssatx\ssatxcontroller\ssatxcontroller\visualgdb\debug\__bsp_root__\driver_init.dep
c:\users\info\documents\github\ssatx\ssatxcontroller\ssatxcontroller\visualgdb\debug\__bsp_root__\atmel_start.gcc.rsp
c:\users\info\documents\github\ssatx\ssatxcontroller\ssatxcontroller\visualgdb\debug\__bsp_root__\driver_init.gcc.rsp
c:\users\info\documents\github\ssatx\ssatxcontroller\ssatxcontroller\visualgdb\debug\__bsp_root__\examples\driver_examples.o
c:\users\info\documents\github\ssatx\ssatxcontroller\ssatxcontroller\visualgdb\debug\__bsp_root__\examples\driver_examples.dep
c:\users\info\documents\github\ssatx\ssatxcontroller\ssatxcontroller\visualgdb\debug\__bsp_root__\examples\driver_examples.gcc.rsp
c:\users\info\documents\github\ssatx\ssatxcontroller\ssatxcontroller\visualgdb\debug\__bsp_root__\hpl\adc\hpl_adc.o
c:\users\info\documents\github\ssatx\ssatxcontroller\ssatxcontroller\visualgdb\debug\__bsp_root__\hpl\adc\hpl_adc.dep
c:\users\info\documents\github\ssatx\ssatxcontroller\ssatxcontroller\visualgdb\debug\__bsp_root__\hpl\adc\hpl_adc.gcc.rsp
c:\users\info\documents\github\ssatx\ssatxcontroller\ssatxcontroller\visualgdb\debug\__bsp_root__\hpl\core\hpl_core_m0plus_base.o
c:\users\info\documents\github\ssatx\ssatxcontroller\ssatxcontroller\visualgdb\debug\__bsp_root__\hpl\core\hpl_init.o
c:\users\info\documents\github\ssatx\ssatxcontroller\ssatxcontroller\visualgdb\debug\__bsp_root__\hpl\core\hpl_core_m0plus_base.dep
c:\users\info\documents\github\ssatx\ssatxcontroller\ssatxcontroller\visualgdb\debug\__bsp_root__\hpl\core\hpl_init.dep
c:\users\info\documents\github\ssatx\ssatxcontroller\ssatxcontroller\visualgdb\debug\__bsp_root__\hpl\core\hpl_core_m0plus_base.gcc.rsp
c:\users\info\documents\github\ssatx\ssatxcontroller\ssatxcontroller\visualgdb\debug\__bsp_root__\hpl\core\hpl_init.gcc.rsp
c:\users\info\documents\github\ssatx\ssatxcontroller\ssatxcontroller\visualgdb\debug\__bsp_root__\hpl\dmac\hpl_dmac.o
c:\users\info\documents\github\ssatx\ssatxcontroller\ssatxcontroller\visualgdb\debug\__bsp_root__\hpl\dmac\hpl_dmac.dep
c:\users\info\documents\github\ssatx\ssatxcontroller\ssatxcontroller\visualgdb\debug\__bsp_root__\hpl\dmac\hpl_dmac.gcc.rsp
c:\users\info\documents\github\ssatx\ssatxcontroller\ssatxcontroller\visualgdb\debug\__bsp_root__\hpl\gclk\hpl_gclk.o
c:\users\info\documents\github\ssatx\ssatxcontroller\ssatxcontroller\visualgdb\debug\__bsp_root__\hpl\gclk\hpl_gclk.dep
c:\users\info\documents\github\ssatx\ssatxcontroller\ssatxcontroller\visualgdb\debug\__bsp_root__\hpl\gclk\hpl_gclk.gcc.rsp
c:\users\info\documents\github\ssatx\ssatxcontroller\ssatxcontroller\visualgdb\debug\__bsp_root__\hpl\nvmctrl\hpl_nvmctrl.o
c:\users\info\documents\github\ssatx\ssatxcontroller\ssatxcontroller\visualgdb\debug\__bsp_root__\hpl\nvmctrl\hpl_nvmctrl.dep
c:\users\info\documents\github\ssatx\ssatxcontroller\ssatxcontroller\visualgdb\debug\__bsp_root__\hpl\nvmctrl\hpl_nvmctrl.gcc.rsp
c:\users\info\documents\github\ssatx\ssatxcontroller\ssatxcontroller\visualgdb\debug\__bsp_root__\hpl\pm\hpl_pm.o
c:\users\info\documents\github\ssatx\ssatxcontroller\ssatxcontroller\visualgdb\debug\__bsp_root__\hpl\pm\hpl_pm.dep
c:\users\info\documents\github\ssatx\ssatxcontroller\ssatxcontroller\visualgdb\debug\__bsp_root__\hpl\pm\hpl_pm.gcc.rsp
c:\users\info\documents\github\ssatx\ssatxcontroller\ssatxcontroller\visualgdb\debug\__bsp_root__\hpl\sercom\hpl_sercom.o
c:\users\info\documents\github\ssatx\ssatxcontroller\ssatxcontroller\visualgdb\debug\__bsp_root__\hpl\sercom\hpl_sercom.dep
c:\users\info\documents\github\ssatx\ssatxcontroller\ssatxcontroller\visualgdb\debug\__bsp_root__\hpl\sercom\hpl_sercom.gcc.rsp
c:\users\info\documents\github\ssatx\ssatxcontroller\ssatxcontroller\visualgdb\debug\__bsp_root__\hpl\sysctrl\hpl_sysctrl.o
c:\users\info\documents\github\ssatx\ssatxcontroller\ssatxcontroller\visualgdb\debug\__bsp_root__\hpl\sysctrl\hpl_sysctrl.dep
c:\users\info\documents\github\ssatx\ssatxcontroller\ssatxcontroller\visualgdb\debug\__bsp_root__\hpl\sysctrl\hpl_sysctrl.gcc.rsp
c:\users\info\documents\github\ssatx\ssatxcontroller\ssatxcontroller\visualgdb\debug\__bsp_root__\hpl\tc\hpl_tc.o
c:\users\info\documents\github\ssatx\ssatxcontroller\ssatxcontroller\visualgdb\debug\__bsp_root__\hpl\tc\hpl_tc.dep
c:\users\info\documents\github\ssatx\ssatxcontroller\ssatxcontroller\visualgdb\debug\__bsp_root__\hpl\tc\hpl_tc.gcc.rsp
c:\users\info\documents\github\ssatx\ssatxcontroller\ssatxcontroller\visualgdb\debug\__bsp_root__\hpl\usb\hpl_usb.o
c:\users\info\documents\github\ssatx\ssatxcontroller\ssatxcontroller\visualgdb\debug\__bsp_root__\hpl\usb\hpl_usb.dep
c:\users\info\documents\github\ssatx\ssatxcontroller\ssatxcontroller\visualgdb\debug\__bsp_root__\hpl\usb\hpl_usb.gcc.rsp
